<?xml version="1.0" encoding="UTF-8"?>
<testng-results ignored="0" total="1" passed="1" failed="0" skipped="0">
  <reporter-output>
    <line>
      <![CDATA[No of rows are:: 11]]>
    </line>
    <line>
      <![CDATA[Add Emp Success::7465     7465]]>
    </line>
    <line>
      <![CDATA[Add Emp Success::7466     7466]]>
    </line>
    <line>
      <![CDATA[Add Emp Success::7467     7467]]>
    </line>
    <line>
      <![CDATA[Add Emp Success::7468     7468]]>
    </line>
    <line>
      <![CDATA[Add Emp Success::7469     7469]]>
    </line>
    <line>
      <![CDATA[Add Emp Success::7470     7470]]>
    </line>
    <line>
      <![CDATA[Add Emp Success::7471     7471]]>
    </line>
    <line>
      <![CDATA[Add Emp Success::7472     7472]]>
    </line>
    <line>
      <![CDATA[Add Emp Success::7473     7473]]>
    </line>
    <line>
      <![CDATA[Add Emp Success::7474     7474]]>
    </line>
    <line>
      <![CDATA[Add Emp Success::7475     7475]]>
    </line>
  </reporter-output>
  <suite started-at="2022-12-28T23:47:25 IST" name="Default suite" finished-at="2022-12-28T23:48:00 IST" duration-ms="35844">
    <groups>
    </groups>
    <test started-at="2022-12-28T23:47:25 IST" name="Default test" finished-at="2022-12-28T23:48:00 IST" duration-ms="35844">
      <class name="driverFactory.DriverScriptpom">
        <test-method is-config="true" signature="setup()[pri:0, instance:driverFactory.DriverScriptpom@2a265ea9]" started-at="2022-12-28T23:47:25 IST" name="setup" finished-at="2022-12-28T23:47:33 IST" duration-ms="8454" status="PASS">
          <reporter-output>
          </reporter-output>
        </test-method> <!-- setup -->
        <test-method signature="startTest()[pri:0, instance:driverFactory.DriverScriptpom@2a265ea9]" started-at="2022-12-28T23:47:33 IST" name="startTest" finished-at="2022-12-28T23:48:00 IST" duration-ms="26540" status="PASS">
          <reporter-output>
            <line>
              <![CDATA[No of rows are:: 11]]>
            </line>
            <line>
              <![CDATA[Add Emp Success::7465     7465]]>
            </line>
            <line>
              <![CDATA[Add Emp Success::7466     7466]]>
            </line>
            <line>
              <![CDATA[Add Emp Success::7467     7467]]>
            </line>
            <line>
              <![CDATA[Add Emp Success::7468     7468]]>
            </line>
            <line>
              <![CDATA[Add Emp Success::7469     7469]]>
            </line>
            <line>
              <![CDATA[Add Emp Success::7470     7470]]>
            </line>
            <line>
              <![CDATA[Add Emp Success::7471     7471]]>
            </line>
            <line>
              <![CDATA[Add Emp Success::7472     7472]]>
            </line>
            <line>
              <![CDATA[Add Emp Success::7473     7473]]>
            </line>
            <line>
              <![CDATA[Add Emp Success::7474     7474]]>
            </line>
            <line>
              <![CDATA[Add Emp Success::7475     7475]]>
            </line>
          </reporter-output>
        </test-method> <!-- startTest -->
        <test-method is-config="true" signature="teardown()[pri:0, instance:driverFactory.DriverScriptpom@2a265ea9]" started-at="2022-12-28T23:48:00 IST" name="teardown" finished-at="2022-12-28T23:48:00 IST" duration-ms="748" status="PASS">
          <reporter-output>
          </reporter-output>
        </test-method> <!-- teardown -->
      </class> <!-- driverFactory.DriverScriptpom -->
    </test> <!-- Default test -->
  </suite> <!-- Default suite -->
</testng-results>
